

Started GET "/" for ::1 at 2015-06-23 20:02:53 -0500
  [1m[36mActiveRecord::SchemaMigration Load (0.5ms)[0m  [1mSELECT "schema_migrations".* FROM "schema_migrations"[0m
Processing by WelcomeController#index as HTML
Redirected to http://localhost:3000/login
Completed 302 Found in 10ms (ActiveRecord: 0.0ms)


Started GET "/" for ::1 at 2015-06-23 20:02:54 -0500
Processing by WelcomeController#index as HTML
Redirected to http://localhost:3000/login
Completed 302 Found in 1ms (ActiveRecord: 0.0ms)


Started GET "/login" for ::1 at 2015-06-23 20:02:54 -0500
Processing by SessionController#login as HTML
  Rendered session/login.html.erb within layouts/application (17.7ms)
Completed 200 OK in 694ms (Views: 694.1ms | ActiveRecord: 0.0ms)


Started GET "/login.css" for ::1 at 2015-06-23 20:02:54 -0500
Processing by SessionController#login as CSS
  Rendered session/login.css (0.4ms)
Completed 200 OK in 2ms (Views: 2.0ms | ActiveRecord: 0.0ms)


Started GET "/register" for ::1 at 2015-06-23 20:02:57 -0500
Processing by RegistrationsController#new as HTML
  [1m[35mSchool Load (1.1ms)[0m  SELECT "schools".* FROM "schools"
  Rendered registrations/new.html.erb within layouts/application (15.1ms)
Completed 200 OK in 53ms (Views: 40.8ms | ActiveRecord: 4.4ms)


Started GET "/registrer" for ::1 at 2015-06-23 20:03:02 -0500

ActionController::RoutingError (No route matches [GET] "/registrer"):
  actionpack (4.2.1) lib/action_dispatch/middleware/debug_exceptions.rb:21:in `call'
  web-console (2.1.2) lib/web_console/middleware.rb:37:in `call'
  actionpack (4.2.1) lib/action_dispatch/middleware/show_exceptions.rb:30:in `call'
  railties (4.2.1) lib/rails/rack/logger.rb:38:in `call_app'
  railties (4.2.1) lib/rails/rack/logger.rb:20:in `block in call'
  activesupport (4.2.1) lib/active_support/tagged_logging.rb:68:in `block in tagged'
  activesupport (4.2.1) lib/active_support/tagged_logging.rb:26:in `tagged'
  activesupport (4.2.1) lib/active_support/tagged_logging.rb:68:in `tagged'
  railties (4.2.1) lib/rails/rack/logger.rb:20:in `call'
  actionpack (4.2.1) lib/action_dispatch/middleware/request_id.rb:21:in `call'
  rack (1.6.1) lib/rack/methodoverride.rb:22:in `call'
  rack (1.6.1) lib/rack/runtime.rb:18:in `call'
  activesupport (4.2.1) lib/active_support/cache/strategy/local_cache_middleware.rb:28:in `call'
  rack (1.6.1) lib/rack/lock.rb:17:in `call'
  actionpack (4.2.1) lib/action_dispatch/middleware/static.rb:113:in `call'
  rack (1.6.1) lib/rack/sendfile.rb:113:in `call'
  railties (4.2.1) lib/rails/engine.rb:518:in `call'
  railties (4.2.1) lib/rails/application.rb:164:in `call'
  rack (1.6.1) lib/rack/lock.rb:17:in `call'
  rack (1.6.1) lib/rack/content_length.rb:15:in `call'
  rack (1.6.1) lib/rack/handler/webrick.rb:89:in `service'
  /Users/subbaraojeffrey/.rvm/rubies/ruby-2.1.5/lib/ruby/2.1.0/webrick/httpserver.rb:138:in `service'
  /Users/subbaraojeffrey/.rvm/rubies/ruby-2.1.5/lib/ruby/2.1.0/webrick/httpserver.rb:94:in `run'
  /Users/subbaraojeffrey/.rvm/rubies/ruby-2.1.5/lib/ruby/2.1.0/webrick/server.rb:295:in `block in start_thread'


  Rendered /Users/subbaraojeffrey/.rvm/gems/ruby-2.1.5/gems/actionpack-4.2.1/lib/action_dispatch/middleware/templates/rescues/_trace.html.erb (1.4ms)
  Rendered /Users/subbaraojeffrey/.rvm/gems/ruby-2.1.5/gems/actionpack-4.2.1/lib/action_dispatch/middleware/templates/routes/_route.html.erb (2.2ms)
  Rendered /Users/subbaraojeffrey/.rvm/gems/ruby-2.1.5/gems/actionpack-4.2.1/lib/action_dispatch/middleware/templates/routes/_table.html.erb (2.6ms)
  Rendered /Users/subbaraojeffrey/.rvm/gems/ruby-2.1.5/gems/actionpack-4.2.1/lib/action_dispatch/middleware/templates/rescues/_request_and_response.html.erb (1.4ms)
  Rendered /Users/subbaraojeffrey/.rvm/gems/ruby-2.1.5/gems/actionpack-4.2.1/lib/action_dispatch/middleware/templates/rescues/routing_error.html.erb within rescues/layout (41.0ms)
  Rendered /Users/subbaraojeffrey/.rvm/gems/ruby-2.1.5/gems/web-console-2.1.2/lib/web_console/templates/_markup.html.erb (0.3ms)
  Rendered /Users/subbaraojeffrey/.rvm/gems/ruby-2.1.5/gems/web-console-2.1.2/lib/web_console/templates/style.css.erb within layouts/inlined_string (0.4ms)
  Rendered /Users/subbaraojeffrey/.rvm/gems/ruby-2.1.5/gems/web-console-2.1.2/lib/web_console/templates/_inner_console_markup.html.erb within layouts/inlined_string (0.3ms)
  Rendered /Users/subbaraojeffrey/.rvm/gems/ruby-2.1.5/gems/web-console-2.1.2/lib/web_console/templates/_prompt_box_markup.html.erb within layouts/inlined_string (0.2ms)
  Rendered /Users/subbaraojeffrey/.rvm/gems/ruby-2.1.5/gems/web-console-2.1.2/lib/web_console/templates/console.js.erb within layouts/javascript (17.7ms)
  Rendered /Users/subbaraojeffrey/.rvm/gems/ruby-2.1.5/gems/web-console-2.1.2/lib/web_console/templates/main.js.erb within layouts/javascript (0.2ms)
  Rendered /Users/subbaraojeffrey/.rvm/gems/ruby-2.1.5/gems/web-console-2.1.2/lib/web_console/templates/error_page.js.erb within layouts/javascript (0.4ms)
  Rendered /Users/subbaraojeffrey/.rvm/gems/ruby-2.1.5/gems/web-console-2.1.2/lib/web_console/templates/index.html.erb (36.8ms)


Started GET "/register" for ::1 at 2015-06-23 20:03:14 -0500
Processing by RegistrationsController#new as HTML
  [1m[36mSchool Load (0.8ms)[0m  [1mSELECT "schools".* FROM "schools"[0m
  Rendered registrations/new.html.erb within layouts/application (7.5ms)
Completed 200 OK in 44ms (Views: 42.7ms | ActiveRecord: 0.8ms)


Started GET "/register/verify" for ::1 at 2015-06-23 20:03:17 -0500
Processing by RegistrationsController#pending as HTML
Redirected to http://localhost:3000/register/tos
Completed 302 Found in 1ms (ActiveRecord: 0.0ms)


Started GET "/register/tos" for ::1 at 2015-06-23 20:03:17 -0500
Processing by RegistrationsController#tos as HTML
  Rendered registrations/tos.html.erb within layouts/application (0.4ms)
Completed 200 OK in 37ms (Views: 37.0ms | ActiveRecord: 0.0ms)
